[    1846ms] [INFO] %cDownload the React DevTools for a better development experience: https://react.dev/link/react-devtools font-weight:bold @ http://localhost:3000/node_modules/.vite/deps/react-dom_client.js?v=8b575f33:20102
[    2555ms] [LOG] [35mLOG[39m [94m/src/hooks/use-web-vitals.ts:18:11 - http://localhost:3000/__tsd/open-source?source=%2Fsrc%2Fhooks%2Fuse-web-vitals.ts%3A18%3A11[39m
 →  {"message":"web-vital","metric":"FCP","value":624,"rating":"good","navigationType":"navigate"} @ http://localhost:3000/src/hooks/use-web-vitals.ts:8
[    4545ms] [LOG] [35mLOG[39m [94m/src/hooks/use-web-vitals.ts:18:11 - http://localhost:3000/__tsd/open-source?source=%2Fsrc%2Fhooks%2Fuse-web-vitals.ts%3A18%3A11[39m
 →  {"message":"web-vital","metric":"LCP","value":624,"rating":"good","navigationType":"navigate"} @ http://localhost:3000/src/hooks/use-web-vitals.ts:8
[  118352ms] [ERROR] Failed to load resource: the server responded with a status of 500 (Internal Server Error) @ http://localhost:3000/api/tags:0
[  118353ms] [ERROR] [35mLOG[39m [94m/src/integrations/tanstack-query/root-provider.tsx:13:9 - http://localhost:3000/__tsd/open-source?source=%2Fsrc%2Fintegrations%2Ftanstack-query%2Froot-provider.tsx%3A13%3A9[39m
 →  [QueryCache error] {"queryKey":["tags","public"],"message":"加载标签失败","stack":"Error: 加载标签失败\n    at queryFn (http://localhost:3000/src/features/tags/queries/index.ts?t=1774942969764:30:24)"} @ http://localhost:3000/src/integrations/tanstack-query/root-provider.tsx:12
[  118354ms] [ERROR] [35mLOG[39m [94m/src/lib/errors/error-handler.ts:43:7 - http://localhost:3000/__tsd/open-source?source=%2Fsrc%2Flib%2Ferrors%2Ferror-handler.ts%3A43%3A7[39m
 →  [Unhandled request error] 加载标签失败 @ http://localhost:3000/src/lib/errors/error-handler.ts:36
[  118362ms] [LOG] [35mLOG[39m [94m/src/hooks/use-web-vitals.ts:18:11 - http://localhost:3000/__tsd/open-source?source=%2Fsrc%2Fhooks%2Fuse-web-vitals.ts%3A18%3A11[39m
 →  {"message":"web-vital","metric":"INP","value":40,"rating":"good","navigationType":"navigate"} @ http://localhost:3000/src/hooks/use-web-vitals.ts:8
[  118362ms] [LOG] [35mLOG[39m [94m/src/hooks/use-web-vitals.ts:18:11 - http://localhost:3000/__tsd/open-source?source=%2Fsrc%2Fhooks%2Fuse-web-vitals.ts%3A18%3A11[39m
 →  {"message":"web-vital","metric":"CLS","value":152,"rating":"needs-improvement","navigationType":"navigate"} @ http://localhost:3000/src/hooks/use-web-vitals.ts:8
[  118364ms] [ERROR] [35mLOG[39m [94m/src/integrations/tanstack-query/root-provider.tsx:13:9 - http://localhost:3000/__tsd/open-source?source=%2Fsrc%2Fintegrations%2Ftanstack-query%2Froot-provider.tsx%3A13%3A9[39m
 →  [QueryCache error] {"queryKey":["posts","list",{"limit":12}],"message":"Failed to fetch","stack":"TypeError: Failed to fetch\n    at ClientRequestImpl.fetch (http://localhost:3000/node_modules/.vite/deps/hono_client.js?v=8b575f33:274:33)\n    at proxyCallback (http://localhost:3000/node_modules/.vite/deps/hono_client.js?v=8b575f33:350:16)\n    at Object.apply (http://localhost:3000/node_modules/.vite/deps/hono_client.js?v=8b575f33:203:14)\n    at queryFn (http://localhost:3000/src/features/posts/queries/index.ts?t=1774942969764:72:41)\n    at fetchPage (http://localhost:3000/node_modules/.vite/deps/chunk-AZ3JEVUG.js?v=8b575f33:1785:30)\n    at Object.fetchFn [as fn] (http://localhost:3000/node_modules/.vite/deps/chunk-AZ3JEVUG.js?v=8b575f33:1809:28)\n    at run (http://localhost:3000/node_modules/.vite/deps/chunk-AZ3JEVUG.js?v=8b575f33:798:49)\n    at Object.start (http://localhost:3000/node_modules/.vite/deps/chunk-AZ3JEVUG.js?v=8b575f33:840:9)\n    at Query.fetch (http://localhost:3000/node_modules/.vite/deps/chunk-AZ3JEVUG.js?v=8b575f33:1135:40)\n    at QueryClient.fetchQuery (http://localhost:3000/node_modules/.vite/deps/chunk-AZ3JEVUG.js?v=8b575f33:2899:15)"} @ http://localhost:3000/src/integrations/tanstack-query/root-provider.tsx:12
[  118364ms] [ERROR] [35mLOG[39m [94m/src/lib/errors/error-handler.ts:43:7 - http://localhost:3000/__tsd/open-source?source=%2Fsrc%2Flib%2Ferrors%2Ferror-handler.ts%3A43%3A7[39m
 →  [Unhandled request error] Failed to fetch @ http://localhost:3000/src/lib/errors/error-handler.ts:36
[  118368ms] [ERROR] Failed to load resource: the server responded with a status of 500 (Internal Server Error) @ http://localhost:3000/posts:0
[  122137ms] [ERROR] Failed to load resource: the server responded with a status of 500 (Internal Server Error) @ http://localhost:3000/posts:0
[  129177ms] [ERROR] Failed to load resource: the server responded with a status of 500 (Internal Server Error) @ http://localhost:3000/posts:0
